This file contains any messages produced by compilers while
running configure, to aid debugging if configure makes a mistake.

It was created by libpng configure 1.2.22, which was
generated by GNU Autoconf 2.61.  Invocation command line was

  $ ./configure 

## --------- ##
## Platform. ##
## --------- ##

hostname = toucan.local
uname -m = i386
uname -r = 9.1.0
uname -s = Darwin
uname -v = Darwin Kernel Version 9.1.0: Wed Oct 31 17:46:22 PDT 2007; root:xnu-1228.0.2~1/RELEASE_I386

/usr/bin/uname -p = i386
/bin/uname -X     = unknown

/bin/arch              = unknown
/usr/bin/arch -k       = unknown
/usr/convex/getsysinfo = unknown
/usr/bin/hostinfo      = Mach kernel version:
	 Darwin Kernel Version 9.1.0: Wed Oct 31 17:46:22 PDT 2007; root:xnu-1228.0.2~1/RELEASE_I386
Kernel configured for up to 2 processors.
2 processors are physically available.
2 processors are logically available.
Processor type: i486 (Intel 80486)
Processors active: 0 1
Primary memory available: 3.00 gigabytes
Default processor set: 74 tasks, 319 threads, 2 processors
Load average: 0.69, Mach factor: 1.29
/bin/machine           = unknown
/usr/bin/oslevel       = unknown
/bin/universe          = unknown

PATH: /sw/bin
PATH: /sw/sbin
PATH: /opt/local/bin
PATH: /opt/local/sbin
PATH: /usr/bin
PATH: /bin
PATH: /usr/sbin
PATH: /sbin
PATH: /usr/local/bin
PATH: /usr/X11/bin
PATH: /usr/X11R6/bin


## ----------- ##
## Core tests. ##
## ----------- ##

configure:2000: checking for a BSD-compatible install
configure:2056: result: /usr/bin/install -c
configure:2067: checking whether build environment is sane
configure:2110: result: yes
configure:2175: checking for gawk
configure:2205: result: no
configure:2175: checking for mawk
configure:2205: result: no
configure:2175: checking for nawk
configure:2205: result: no
configure:2175: checking for awk
configure:2191: found /usr/bin/awk
configure:2202: result: awk
configure:2213: checking whether make sets $(MAKE)
configure:2234: result: yes
configure:2418: checking whether to enable maintainer-specific portions of Makefiles
configure:2427: result: no
configure:2502: checking for gcc
configure:2518: found /usr/bin/gcc
configure:2529: result: gcc
configure:2767: checking for C compiler version
configure:2774: gcc --version >&5
i686-apple-darwin9-gcc-4.0.1 (GCC) 4.0.1 (Apple Inc. build 5465)
Copyright (C) 2005 Free Software Foundation, Inc.
This is free software; see the source for copying conditions.  There is NO
warranty; not even for MERCHANTABILITY or FITNESS FOR A PARTICULAR PURPOSE.

configure:2777: $? = 0
configure:2784: gcc -v >&5
Using built-in specs.
Target: i686-apple-darwin9
Configured with: /var/tmp/gcc/gcc-5465~16/src/configure --disable-checking -enable-werror --prefix=/usr --mandir=/share/man --enable-languages=c,objc,c++,obj-c++ --program-transform-name=/^[cg][^.-]*$/s/$/-4.0/ --with-gxx-include-dir=/include/c++/4.0.0 --with-slibdir=/usr/lib --build=i686-apple-darwin9 --with-arch=apple --with-tune=generic --host=i686-apple-darwin9 --target=i686-apple-darwin9
Thread model: posix
gcc version 4.0.1 (Apple Inc. build 5465)
configure:2787: $? = 0
configure:2794: gcc -V >&5
gcc-4.0: argument to `-V' is missing
configure:2797: $? = 1
configure:2820: checking for C compiler default output file name
configure:2847: gcc    conftest.c  >&5
configure:2850: $? = 0
configure:2888: result: a.out
configure:2905: checking whether the C compiler works
configure:2915: ./a.out
configure:2918: $? = 0
configure:2935: result: yes
configure:2942: checking whether we are cross compiling
configure:2944: result: no
configure:2947: checking for suffix of executables
configure:2954: gcc -o conftest    conftest.c  >&5
configure:2957: $? = 0
configure:2981: result: 
configure:2987: checking for suffix of object files
configure:3013: gcc -c   conftest.c >&5
configure:3016: $? = 0
configure:3039: result: o
configure:3043: checking whether we are using the GNU C compiler
configure:3072: gcc -c   conftest.c >&5
configure:3078: $? = 0
configure:3095: result: yes
configure:3100: checking whether gcc accepts -g
configure:3130: gcc -c -g  conftest.c >&5
configure:3136: $? = 0
configure:3235: result: yes
configure:3252: checking for gcc option to accept ISO C89
configure:3326: gcc  -c -g -O2  conftest.c >&5
configure:3332: $? = 0
configure:3355: result: none needed
configure:3384: checking for style of include used by make
configure:3412: result: GNU
configure:3440: checking dependency style of gcc
configure:3530: result: gcc3
configure:3547: checking for a sed that does not truncate output
configure:3603: result: /usr/bin/sed
configure:3612: checking build system type
configure:3630: result: i386-apple-darwin9.1.0
configure:3652: checking host system type
configure:3667: result: i386-apple-darwin9.1.0
configure:3689: checking for grep that handles long lines and -e
configure:3763: result: /usr/bin/grep
configure:3768: checking for egrep
configure:3846: result: /usr/bin/grep -E
configure:3862: checking for ld used by gcc
configure:3929: result: /usr/libexec/gcc/i686-apple-darwin9/4.0.1/ld
configure:3938: checking if the linker (/usr/libexec/gcc/i686-apple-darwin9/4.0.1/ld) is GNU ld
configure:3953: result: no
configure:3963: checking how to run the C preprocessor
configure:4003: gcc -E  conftest.c
configure:4009: $? = 0
configure:4040: gcc -E  conftest.c
conftest.c:10:28: error: ac_nonexistent.h: No such file or directory
configure:4046: $? = 1
configure: failed program was:
| /* confdefs.h.  */
| #define PACKAGE_NAME "libpng"
| #define PACKAGE_TARNAME "libpng"
| #define PACKAGE_VERSION "1.2.22"
| #define PACKAGE_STRING "libpng 1.2.22"
| #define PACKAGE_BUGREPORT "png-mng-implement@lists.sourceforge.net"
| #define PACKAGE "libpng"
| #define VERSION "1.2.22"
| /* end confdefs.h.  */
| #include <ac_nonexistent.h>
configure:4079: result: gcc -E
configure:4108: gcc -E  conftest.c
configure:4114: $? = 0
configure:4145: gcc -E  conftest.c
conftest.c:10:28: error: ac_nonexistent.h: No such file or directory
configure:4151: $? = 1
configure: failed program was:
| /* confdefs.h.  */
| #define PACKAGE_NAME "libpng"
| #define PACKAGE_TARNAME "libpng"
| #define PACKAGE_VERSION "1.2.22"
| #define PACKAGE_STRING "libpng 1.2.22"
| #define PACKAGE_BUGREPORT "png-mng-implement@lists.sourceforge.net"
| #define PACKAGE "libpng"
| #define VERSION "1.2.22"
| /* end confdefs.h.  */
| #include <ac_nonexistent.h>
configure:4231: checking for sed
configure:4258: result: /usr/bin/sed
configure:4297: checking for a BSD-compatible install
configure:4353: result: /usr/bin/install -c
configure:4364: checking whether ln -s works
configure:4368: result: yes
configure:4375: checking whether make sets $(MAKE)
configure:4396: result: yes
configure:4477: checking for /usr/libexec/gcc/i686-apple-darwin9/4.0.1/ld option to reload object files
configure:4484: result: -r
configure:4502: checking for BSD-compatible nm
configure:4551: result: /usr/bin/nm -p
configure:4555: checking how to recognize dependent libraries
configure:4741: result: pass_all
configure:4978: checking for ANSI C header files
configure:5008: gcc -c -g -O2  conftest.c >&5
configure:5014: $? = 0
configure:5113: gcc -o conftest -g -O2   conftest.c  >&5
configure:5116: $? = 0
configure:5122: ./conftest
configure:5125: $? = 0
configure:5142: result: yes
configure:5166: checking for sys/types.h
configure:5187: gcc -c -g -O2  conftest.c >&5
configure:5193: $? = 0
configure:5209: result: yes
configure:5166: checking for sys/stat.h
configure:5187: gcc -c -g -O2  conftest.c >&5
configure:5193: $? = 0
configure:5209: result: yes
configure:5166: checking for stdlib.h
configure:5187: gcc -c -g -O2  conftest.c >&5
configure:5193: $? = 0
configure:5209: result: yes
configure:5166: checking for string.h
configure:5187: gcc -c -g -O2  conftest.c >&5
configure:5193: $? = 0
configure:5209: result: yes
configure:5166: checking for memory.h
configure:5187: gcc -c -g -O2  conftest.c >&5
configure:5193: $? = 0
configure:5209: result: yes
configure:5166: checking for strings.h
configure:5187: gcc -c -g -O2  conftest.c >&5
configure:5193: $? = 0
configure:5209: result: yes
configure:5166: checking for inttypes.h
configure:5187: gcc -c -g -O2  conftest.c >&5
configure:5193: $? = 0
configure:5209: result: yes
configure:5166: checking for stdint.h
configure:5187: gcc -c -g -O2  conftest.c >&5
configure:5193: $? = 0
configure:5209: result: yes
configure:5166: checking for unistd.h
configure:5187: gcc -c -g -O2  conftest.c >&5
configure:5193: $? = 0
configure:5209: result: yes
configure:5236: checking dlfcn.h usability
configure:5253: gcc -c -g -O2  conftest.c >&5
configure:5259: $? = 0
configure:5273: result: yes
configure:5277: checking dlfcn.h presence
configure:5292: gcc -E  conftest.c
configure:5298: $? = 0
configure:5312: result: yes
configure:5345: checking for dlfcn.h
configure:5353: result: yes
configure:5424: checking for g++
configure:5440: found /usr/bin/g++
configure:5451: result: g++
configure:5482: checking for C++ compiler version
configure:5489: g++ --version >&5
i686-apple-darwin9-g++-4.0.1 (GCC) 4.0.1 (Apple Inc. build 5465)
Copyright (C) 2005 Free Software Foundation, Inc.
This is free software; see the source for copying conditions.  There is NO
warranty; not even for MERCHANTABILITY or FITNESS FOR A PARTICULAR PURPOSE.

configure:5492: $? = 0
configure:5499: g++ -v >&5
Using built-in specs.
Target: i686-apple-darwin9
Configured with: /var/tmp/gcc/gcc-5465~16/src/configure --disable-checking -enable-werror --prefix=/usr --mandir=/share/man --enable-languages=c,objc,c++,obj-c++ --program-transform-name=/^[cg][^.-]*$/s/$/-4.0/ --with-gxx-include-dir=/include/c++/4.0.0 --with-slibdir=/usr/lib --build=i686-apple-darwin9 --with-arch=apple --with-tune=generic --host=i686-apple-darwin9 --target=i686-apple-darwin9
Thread model: posix
gcc version 4.0.1 (Apple Inc. build 5465)
configure:5502: $? = 0
configure:5509: g++ -V >&5
g++-4.0: argument to `-V' is missing
configure:5512: $? = 1
configure:5515: checking whether we are using the GNU C++ compiler
configure:5544: g++ -c   conftest.cpp >&5
configure:5550: $? = 0
configure:5567: result: yes
configure:5572: checking whether g++ accepts -g
configure:5602: g++ -c -g  conftest.cpp >&5
configure:5608: $? = 0
configure:5707: result: yes
configure:5732: checking dependency style of g++
configure:5822: result: gcc3
configure:5849: checking how to run the C++ preprocessor
configure:5885: g++ -E  conftest.cpp
configure:5891: $? = 0
configure:5922: g++ -E  conftest.cpp
conftest.cpp:21:28: error: ac_nonexistent.h: No such file or directory
configure:5928: $? = 1
configure: failed program was:
| /* confdefs.h.  */
| #define PACKAGE_NAME "libpng"
| #define PACKAGE_TARNAME "libpng"
| #define PACKAGE_VERSION "1.2.22"
| #define PACKAGE_STRING "libpng 1.2.22"
| #define PACKAGE_BUGREPORT "png-mng-implement@lists.sourceforge.net"
| #define PACKAGE "libpng"
| #define VERSION "1.2.22"
| #define STDC_HEADERS 1
| #define HAVE_SYS_TYPES_H 1
| #define HAVE_SYS_STAT_H 1
| #define HAVE_STDLIB_H 1
| #define HAVE_STRING_H 1
| #define HAVE_MEMORY_H 1
| #define HAVE_STRINGS_H 1
| #define HAVE_INTTYPES_H 1
| #define HAVE_STDINT_H 1
| #define HAVE_UNISTD_H 1
| #define HAVE_DLFCN_H 1
| /* end confdefs.h.  */
| #include <ac_nonexistent.h>
configure:5961: result: g++ -E
configure:5990: g++ -E  conftest.cpp
configure:5996: $? = 0
configure:6027: g++ -E  conftest.cpp
conftest.cpp:21:28: error: ac_nonexistent.h: No such file or directory
configure:6033: $? = 1
configure: failed program was:
| /* confdefs.h.  */
| #define PACKAGE_NAME "libpng"
| #define PACKAGE_TARNAME "libpng"
| #define PACKAGE_VERSION "1.2.22"
| #define PACKAGE_STRING "libpng 1.2.22"
| #define PACKAGE_BUGREPORT "png-mng-implement@lists.sourceforge.net"
| #define PACKAGE "libpng"
| #define VERSION "1.2.22"
| #define STDC_HEADERS 1
| #define HAVE_SYS_TYPES_H 1
| #define HAVE_SYS_STAT_H 1
| #define HAVE_STDLIB_H 1
| #define HAVE_STRING_H 1
| #define HAVE_MEMORY_H 1
| #define HAVE_STRINGS_H 1
| #define HAVE_INTTYPES_H 1
| #define HAVE_STDINT_H 1
| #define HAVE_UNISTD_H 1
| #define HAVE_DLFCN_H 1
| /* end confdefs.h.  */
| #include <ac_nonexistent.h>
configure:6126: checking for g77
configure:6156: result: no
configure:6126: checking for xlf
configure:6156: result: no
configure:6126: checking for f77
configure:6156: result: no
configure:6126: checking for frt
configure:6156: result: no
configure:6126: checking for pgf77
configure:6156: result: no
configure:6126: checking for cf77
configure:6156: result: no
configure:6126: checking for fort77
configure:6156: result: no
configure:6126: checking for fl32
configure:6156: result: no
configure:6126: checking for af77
configure:6156: result: no
configure:6126: checking for xlf90
configure:6156: result: no
configure:6126: checking for f90
configure:6156: result: no
configure:6126: checking for pgf90
configure:6156: result: no
configure:6126: checking for pghpf
configure:6156: result: no
configure:6126: checking for epcf90
configure:6156: result: no
configure:6126: checking for gfortran
configure:6156: result: no
configure:6126: checking for g95
configure:6156: result: no
configure:6126: checking for xlf95
configure:6156: result: no
configure:6126: checking for f95
configure:6156: result: no
configure:6126: checking for fort
configure:6156: result: no
configure:6126: checking for ifort
configure:6156: result: no
configure:6126: checking for ifc
configure:6156: result: no
configure:6126: checking for efc
configure:6156: result: no
configure:6126: checking for pgf95
configure:6156: result: no
configure:6126: checking for lf95
configure:6156: result: no
configure:6126: checking for ftn
configure:6156: result: no
configure:6183: checking for Fortran 77 compiler version
configure:6190:  --version >&5
./configure: line 6191: --version: command not found
configure:6193: $? = 127
configure:6200:  -v >&5
./configure: line 6201: -v: command not found
configure:6203: $? = 127
configure:6210:  -V >&5
./configure: line 6211: -V: command not found
configure:6213: $? = 127
configure:6221: checking whether we are using the GNU Fortran 77 compiler
configure:6240:  -c  conftest.F >&5
./configure: line 6241: -c: command not found
configure:6246: $? = 127
configure: failed program was:
|       program main
| #ifndef __GNUC__
|        choke me
| #endif
| 
|       end
configure:6263: result: no
configure:6269: checking whether  accepts -g
configure:6286:  -c -g conftest.f >&5
./configure: line 6287: -c: command not found
configure:6292: $? = 127
configure: failed program was:
|       program main
| 
|       end
configure:6308: result: no
configure:6338: checking the maximum length of command line arguments
configure:6450: result: 196608
configure:6462: checking command to parse /usr/bin/nm -p output from gcc object
configure:6567: gcc -c -g -O2  conftest.c >&5
configure:6570: $? = 0
configure:6574: /usr/bin/nm -p conftest.o \| sed -n -e 's/^.*[ 	]\([BCDEGRST][BCDEGRST]*\)[ 	][ 	]*\([_A-Za-z][_A-Za-z0-9]*\)$/\1 \2 \2/p' \> conftest.nm
configure:6577: $? = 0
cannot find nm_test_var in conftest.nm
configure:6567: gcc -c -g -O2  conftest.c >&5
configure:6570: $? = 0
configure:6574: /usr/bin/nm -p conftest.o \| sed -n -e 's/^.*[ 	]\([BCDEGRST][BCDEGRST]*\)[ 	][ 	]*_\([_A-Za-z][_A-Za-z0-9]*\)$/\1 _\2 \2/p' \> conftest.nm
configure:6577: $? = 0
configure:6629: gcc -o conftest -g -O2   conftest.c conftstm.o >&5
configure:6632: $? = 0
configure:6670: result: ok
configure:6674: checking for objdir
configure:6689: result: .libs
configure:6781: checking for ar
configure:6797: found /usr/bin/ar
configure:6808: result: ar
configure:6877: checking for ranlib
configure:6893: found /usr/bin/ranlib
configure:6904: result: ranlib
configure:6973: checking for strip
configure:6989: found /usr/bin/strip
configure:7000: result: strip
configure:7286: checking if gcc supports -fno-rtti -fno-exceptions
configure:7304: gcc -c -g -O2  -fno-rtti -fno-exceptions conftest.c >&5
cc1: warning: command line option "-fno-rtti" is valid for C++/ObjC++ but not for C
configure:7308: $? = 0
configure:7321: result: no
configure:7336: checking for gcc option to produce PIC
configure:7568: result: -fno-common
configure:7576: checking if gcc PIC flag -fno-common works
configure:7594: gcc -c -g -O2  -fno-common -DPIC conftest.c >&5
configure:7598: $? = 0
configure:7611: result: yes
configure:7639: checking if gcc static flag -static works
configure:7667: result: no
configure:7677: checking if gcc supports -c -o file.o
configure:7698: gcc -c -g -O2  -o out/conftest2.o conftest.c >&5
configure:7702: $? = 0
configure:7724: result: yes
configure:7750: checking whether the gcc linker (/usr/libexec/gcc/i686-apple-darwin9/4.0.1/ld) supports shared libraries
configure:8730: result: yes
configure:8797: checking dynamic linker characteristics
configure:9399: result: darwin9.1.0 dyld
configure:9408: checking how to hardcode library paths into programs
configure:9433: result: immediate
configure:9447: checking whether stripping libraries is possible
configure:9461: result: yes
configure:10254: checking if libtool supports shared libraries
configure:10256: result: yes
configure:10259: checking whether to build shared libraries
configure:10280: result: yes
configure:10283: checking whether to build static libraries
configure:10287: result: yes
configure:10380: creating libtool
configure:10968: checking for ld used by g++
configure:11035: result: /usr/libexec/gcc/i686-apple-darwin9/4.0.1/ld
configure:11044: checking if the linker (/usr/libexec/gcc/i686-apple-darwin9/4.0.1/ld) is GNU ld
configure:11059: result: no
configure:11110: checking whether the g++ linker (/usr/libexec/gcc/i686-apple-darwin9/4.0.1/ld) supports shared libraries
configure:12084: result: yes
configure:12102: g++ -c -g -O2  conftest.cpp >&5
configure:12105: $? = 0
configure:12257: checking for g++ option to produce PIC
configure:12541: result: -fno-common
configure:12549: checking if g++ PIC flag -fno-common works
configure:12567: g++ -c -g -O2  -fno-common -DPIC conftest.cpp >&5
configure:12571: $? = 0
configure:12584: result: yes
configure:12612: checking if g++ static flag -static works
configure:12640: result: no
configure:12650: checking if g++ supports -c -o file.o
configure:12671: g++ -c -g -O2  -o out/conftest2.o conftest.cpp >&5
configure:12675: $? = 0
configure:12697: result: yes
configure:12723: checking whether the g++ linker (/usr/libexec/gcc/i686-apple-darwin9/4.0.1/ld) supports shared libraries
configure:12748: result: yes
configure:12815: checking dynamic linker characteristics
configure:13365: result: darwin9.1.0 dyld
configure:13374: checking how to hardcode library paths into programs
configure:13399: result: immediate
configure:19572: checking for ANSI C header files
configure:19736: result: yes
configure:19764: checking malloc.h usability
configure:19781: gcc -c -g -O2  conftest.c >&5
conftest.c:55:20: error: malloc.h: No such file or directory
configure:19787: $? = 1
configure: failed program was:
| /* confdefs.h.  */
| #define PACKAGE_NAME "libpng"
| #define PACKAGE_TARNAME "libpng"
| #define PACKAGE_VERSION "1.2.22"
| #define PACKAGE_STRING "libpng 1.2.22"
| #define PACKAGE_BUGREPORT "png-mng-implement@lists.sourceforge.net"
| #define PACKAGE "libpng"
| #define VERSION "1.2.22"
| #define STDC_HEADERS 1
| #define HAVE_SYS_TYPES_H 1
| #define HAVE_SYS_STAT_H 1
| #define HAVE_STDLIB_H 1
| #define HAVE_STRING_H 1
| #define HAVE_MEMORY_H 1
| #define HAVE_STRINGS_H 1
| #define HAVE_INTTYPES_H 1
| #define HAVE_STDINT_H 1
| #define HAVE_UNISTD_H 1
| #define HAVE_DLFCN_H 1
| #define STDC_HEADERS 1
| /* end confdefs.h.  */
| #include <stdio.h>
| #ifdef HAVE_SYS_TYPES_H
| # include <sys/types.h>
| #endif
| #ifdef HAVE_SYS_STAT_H
| # include <sys/stat.h>
| #endif
| #ifdef STDC_HEADERS
| # include <stdlib.h>
| # include <stddef.h>
| #else
| # ifdef HAVE_STDLIB_H
| #  include <stdlib.h>
| # endif
| #endif
| #ifdef HAVE_STRING_H
| # if !defined STDC_HEADERS && defined HAVE_MEMORY_H
| #  include <memory.h>
| # endif
| # include <string.h>
| #endif
| #ifdef HAVE_STRINGS_H
| # include <strings.h>
| #endif
| #ifdef HAVE_INTTYPES_H
| # include <inttypes.h>
| #endif
| #ifdef HAVE_STDINT_H
| # include <stdint.h>
| #endif
| #ifdef HAVE_UNISTD_H
| # include <unistd.h>
| #endif
| #include <malloc.h>
configure:19801: result: no
configure:19805: checking malloc.h presence
configure:19820: gcc -E  conftest.c
conftest.c:22:20: error: malloc.h: No such file or directory
configure:19826: $? = 1
configure: failed program was:
| /* confdefs.h.  */
| #define PACKAGE_NAME "libpng"
| #define PACKAGE_TARNAME "libpng"
| #define PACKAGE_VERSION "1.2.22"
| #define PACKAGE_STRING "libpng 1.2.22"
| #define PACKAGE_BUGREPORT "png-mng-implement@lists.sourceforge.net"
| #define PACKAGE "libpng"
| #define VERSION "1.2.22"
| #define STDC_HEADERS 1
| #define HAVE_SYS_TYPES_H 1
| #define HAVE_SYS_STAT_H 1
| #define HAVE_STDLIB_H 1
| #define HAVE_STRING_H 1
| #define HAVE_MEMORY_H 1
| #define HAVE_STRINGS_H 1
| #define HAVE_INTTYPES_H 1
| #define HAVE_STDINT_H 1
| #define HAVE_UNISTD_H 1
| #define HAVE_DLFCN_H 1
| #define STDC_HEADERS 1
| /* end confdefs.h.  */
| #include <malloc.h>
configure:19840: result: no
configure:19873: checking for malloc.h
configure:19881: result: no
configure:19754: checking for stdlib.h
configure:19760: result: yes
configure:19754: checking for string.h
configure:19760: result: yes
configure:19754: checking for strings.h
configure:19760: result: yes
configure:19896: checking for an ANSI C-conforming const
configure:19971: gcc -c -g -O2  conftest.c >&5
configure:19977: $? = 0
configure:19992: result: yes
configure:20002: checking for size_t
configure:20032: gcc -c -g -O2  conftest.c >&5
configure:20038: $? = 0
configure:20053: result: yes
configure:20065: checking whether struct tm is in sys/time.h or time.h
configure:20095: gcc -c -g -O2  conftest.c >&5
configure:20101: $? = 0
configure:20116: result: time.h
configure:20128: checking for working strtod
configure:20179: gcc -o conftest -g -O2   conftest.c  >&5
configure:20182: $? = 0
configure:20188: ./conftest
configure:20191: $? = 0
configure:20207: result: yes
configure:20375: checking for memset
configure:20431: gcc -o conftest -g -O2   conftest.c  >&5
conftest.c:48: warning: conflicting types for built-in function 'memset'
configure:20437: $? = 0
configure:20455: result: yes
configure:20473: checking for pow
configure:20529: gcc -o conftest -g -O2   conftest.c  >&5
conftest.c:49: warning: conflicting types for built-in function 'pow'
configure:20535: $? = 0
configure:20553: result: yes
configure:20640: checking for zlibVersion in -lz
configure:20675: gcc -o conftest -g -O2   conftest.c -lz   >&5
configure:20681: $? = 0
configure:20699: result: yes
configure:20716: checking if assembler code in pnggccrd.c can be compiled without PNG_NO_MMX_CODE
configure:20739: gcc -c -g -O2  conftest.c >&5
configure:20745: $? = 0
configure:20750: result: yes
configure:20767: checking if libraries can be versioned
configure:20776: result: no
configure:20778: WARNING: *** You have not enabled versioned symbols.
configure:20810: pkgconfig directory is ${libdir}/pkgconfig
configure:20989: creating ./config.status

## ---------------------- ##
## Running config.status. ##
## ---------------------- ##

This file was extended by libpng config.status 1.2.22, which was
generated by GNU Autoconf 2.61.  Invocation command line was

  CONFIG_FILES    = 
  CONFIG_HEADERS  = 
  CONFIG_LINKS    = 
  CONFIG_COMMANDS = 
  $ ./config.status 

on toucan.local

config.status:677: creating Makefile
config.status:677: creating libpng.pc
config.status:677: creating libpng-config
config.status:677: creating config.h
config.status:951: executing depfiles commands

## ---------------- ##
## Cache variables. ##
## ---------------- ##

ac_cv_build=i386-apple-darwin9.1.0
ac_cv_c_compiler_gnu=yes
ac_cv_c_const=yes
ac_cv_cxx_compiler_gnu=yes
ac_cv_env_CCC_set=
ac_cv_env_CCC_value=
ac_cv_env_CC_set=
ac_cv_env_CC_value=
ac_cv_env_CFLAGS_set=
ac_cv_env_CFLAGS_value=
ac_cv_env_CPPFLAGS_set=
ac_cv_env_CPPFLAGS_value=
ac_cv_env_CPP_set=
ac_cv_env_CPP_value=
ac_cv_env_CXXCPP_set=
ac_cv_env_CXXCPP_value=
ac_cv_env_CXXFLAGS_set=
ac_cv_env_CXXFLAGS_value=
ac_cv_env_CXX_set=
ac_cv_env_CXX_value=
ac_cv_env_F77_set=
ac_cv_env_F77_value=
ac_cv_env_FFLAGS_set=
ac_cv_env_FFLAGS_value=
ac_cv_env_LDFLAGS_set=
ac_cv_env_LDFLAGS_value=
ac_cv_env_LIBS_set=
ac_cv_env_LIBS_value=
ac_cv_env_build_alias_set=
ac_cv_env_build_alias_value=
ac_cv_env_host_alias_set=
ac_cv_env_host_alias_value=
ac_cv_env_target_alias_set=
ac_cv_env_target_alias_value=
ac_cv_f77_compiler_gnu=no
ac_cv_func_memset=yes
ac_cv_func_pow=yes
ac_cv_func_strtod=yes
ac_cv_header_dlfcn_h=yes
ac_cv_header_inttypes_h=yes
ac_cv_header_malloc_h=no
ac_cv_header_memory_h=yes
ac_cv_header_stdc=yes
ac_cv_header_stdint_h=yes
ac_cv_header_stdlib_h=yes
ac_cv_header_string_h=yes
ac_cv_header_strings_h=yes
ac_cv_header_sys_stat_h=yes
ac_cv_header_sys_types_h=yes
ac_cv_header_unistd_h=yes
ac_cv_host=i386-apple-darwin9.1.0
ac_cv_lib_z_zlibVersion=yes
ac_cv_objext=o
ac_cv_path_EGREP='/usr/bin/grep -E'
ac_cv_path_GREP=/usr/bin/grep
ac_cv_path_install='/usr/bin/install -c'
ac_cv_prog_AWK=awk
ac_cv_prog_CPP='gcc -E'
ac_cv_prog_CXXCPP='g++ -E'
ac_cv_prog_ac_ct_AR=ar
ac_cv_prog_ac_ct_CC=gcc
ac_cv_prog_ac_ct_CXX=g++
ac_cv_prog_ac_ct_RANLIB=ranlib
ac_cv_prog_ac_ct_SED=/usr/bin/sed
ac_cv_prog_ac_ct_STRIP=strip
ac_cv_prog_cc_c89=
ac_cv_prog_cc_g=yes
ac_cv_prog_cxx_g=yes
ac_cv_prog_f77_g=no
ac_cv_prog_make_make_set=yes
ac_cv_struct_tm=time.h
ac_cv_type_size_t=yes
am_cv_CC_dependencies_compiler_type=gcc3
am_cv_CXX_dependencies_compiler_type=gcc3
lt_cv_deplibs_check_method=pass_all
lt_cv_file_magic_cmd='$MAGIC_CMD'
lt_cv_file_magic_test_file=
lt_cv_ld_reload_flag=-r
lt_cv_objdir=.libs
lt_cv_path_LD=/usr/libexec/gcc/i686-apple-darwin9/4.0.1/ld
lt_cv_path_LDCXX=/usr/libexec/gcc/i686-apple-darwin9/4.0.1/ld
lt_cv_path_NM='/usr/bin/nm -p'
lt_cv_path_SED=/usr/bin/sed
lt_cv_prog_compiler_c_o=yes
lt_cv_prog_compiler_c_o_CXX=yes
lt_cv_prog_compiler_rtti_exceptions=no
lt_cv_prog_gnu_ld=no
lt_cv_prog_gnu_ldcxx=no
lt_cv_sys_global_symbol_pipe='sed -n -e '\''s/^.*[ 	]\([BCDEGRST][BCDEGRST]*\)[ 	][ 	]*_\([_A-Za-z][_A-Za-z0-9]*\)$/\1 _\2 \2/p'\'''
lt_cv_sys_global_symbol_to_c_name_address='sed -n -e '\''s/^: \([^ ]*\) $/  {\"\1\", (lt_ptr) 0},/p'\'' -e '\''s/^[BCDEGRST] \([^ ]*\) \([^ ]*\)$/  {"\2", (lt_ptr) \&\2},/p'\'''
lt_cv_sys_global_symbol_to_cdecl='sed -n -e '\''s/^. .* \(.*\)$/extern int \1;/p'\'''
lt_cv_sys_max_cmd_len=196608
lt_lt_cv_prog_compiler_c_o='"yes"'
lt_lt_cv_prog_compiler_c_o_CXX='"yes"'
lt_lt_cv_sys_global_symbol_pipe='"sed -n -e '\''s/^.*[ 	]\\([BCDEGRST][BCDEGRST]*\\)[ 	][ 	]*_\\([_A-Za-z][_A-Za-z0-9]*\\)\$/\\1 _\\2 \\2/p'\''"'
lt_lt_cv_sys_global_symbol_to_c_name_address='"sed -n -e '\''s/^: \\([^ ]*\\) \$/  {\\\"\\1\\\", (lt_ptr) 0},/p'\'' -e '\''s/^[BCDEGRST] \\([^ ]*\\) \\([^ ]*\\)\$/  {\"\\2\", (lt_ptr) \\&\\2},/p'\''"'
lt_lt_cv_sys_global_symbol_to_cdecl='"sed -n -e '\''s/^. .* \\(.*\\)\$/extern int \\1;/p'\''"'

## ----------------- ##
## Output variables. ##
## ----------------- ##

ACLOCAL='${SHELL} /Users/peterb/src/VisualBoyAdvance-1.7src-MacOSX/src/libpng-1.2.22/missing --run aclocal-1.9'
AMDEPBACKSLASH='\'
AMDEP_FALSE='#'
AMDEP_TRUE=''
AMTAR='${SHELL} /Users/peterb/src/VisualBoyAdvance-1.7src-MacOSX/src/libpng-1.2.22/missing --run tar'
AR='ar'
AUTOCONF='${SHELL} /Users/peterb/src/VisualBoyAdvance-1.7src-MacOSX/src/libpng-1.2.22/missing --run autoconf'
AUTOHEADER='${SHELL} /Users/peterb/src/VisualBoyAdvance-1.7src-MacOSX/src/libpng-1.2.22/missing --run autoheader'
AUTOMAKE='${SHELL} /Users/peterb/src/VisualBoyAdvance-1.7src-MacOSX/src/libpng-1.2.22/missing --run automake-1.9'
AWK='awk'
CC='gcc'
CCDEPMODE='depmode=gcc3'
CFLAGS='-g -O2'
CPP='gcc -E'
CPPFLAGS=''
CXX='g++'
CXXCPP='g++ -E'
CXXDEPMODE='depmode=gcc3'
CXXFLAGS='-g -O2'
CYGPATH_W='echo'
DEFS='-DHAVE_CONFIG_H'
DEPDIR='.deps'
ECHO='/bin/echo'
ECHO_C='ECHO_N=''
ECHO_T=''
EGREP='/usr/bin/grep -E'
EXEEXT=''
F77=''
FFLAGS=''
GREP='/usr/bin/grep'
HAVE_LD_VERSION_SCRIPT_FALSE=''
HAVE_LD_VERSION_SCRIPT_TRUE='#'
INSTALL_DATA='${INSTALL} -m 644'
INSTALL_PROGRAM='${INSTALL}'
INSTALL_SCRIPT='${INSTALL}'
INSTALL_STRIP_PROGRAM='${SHELL} $(install_sh) -c -s'
LDFLAGS=''
LIBOBJS=''
LIBPNG_DEFINES='-DPNG_CONFIGURE_LIBPNG '
LIBPNG_NO_MMX=''
LIBS='-lz '
LIBTOOL='$(SHELL) $(top_builddir)/libtool'
LN_S='ln -s'
LTLIBOBJS=''
MAINT='#'
MAINTAINER_MODE_FALSE=''
MAINTAINER_MODE_TRUE='#'
MAKEINFO='${SHELL} /Users/peterb/src/VisualBoyAdvance-1.7src-MacOSX/src/libpng-1.2.22/missing --run makeinfo'
OBJEXT='o'
PACKAGE='libpng'
PACKAGE_BUGREPORT='png-mng-implement@lists.sourceforge.net'
PACKAGE_NAME='libpng'
PACKAGE_STRING='libpng 1.2.22'
PACKAGE_TARNAME='libpng'
PACKAGE_VERSION='1.2.22'
PATH_SEPARATOR=':'
PNGLIB_MAJOR='1'
PNGLIB_MINOR='2'
PNGLIB_RELEASE='22'
PNGLIB_VERSION='1.2.22'
POW_LIB=''
RANLIB='ranlib'
SED='/usr/bin/sed'
SET_MAKE=''
SHELL='/bin/sh'
STRIP='strip'
VERSION='1.2.22'
ac_ct_CC='gcc'
ac_ct_CXX='g++'
ac_ct_F77=''
am__fastdepCC_FALSE='#'
am__fastdepCC_TRUE=''
am__fastdepCXX_FALSE='#'
am__fastdepCXX_TRUE=''
am__include='include'
am__leading_dot='.'
am__quote=''
am__tar='${AMTAR} chof - "$$tardir"'
am__untar='${AMTAR} xf -'
binconfigs='${binconfigs}'
bindir='${exec_prefix}/bin'
build='i386-apple-darwin9.1.0'
build_alias=''
build_cpu='i386'
build_os='darwin9.1.0'
build_vendor='apple'
compatlib='libpng.la'
datadir='${datarootdir}'
datarootdir='${prefix}/share'
docdir='${datarootdir}/doc/${PACKAGE_TARNAME}'
dvidir='${docdir}'
exec_prefix='${prefix}'
host='i386-apple-darwin9.1.0'
host_alias=''
host_cpu='i386'
host_os='darwin9.1.0'
host_vendor='apple'
htmldir='${docdir}'
includedir='${prefix}/include'
infodir='${datarootdir}/info'
install_sh='/Users/peterb/src/VisualBoyAdvance-1.7src-MacOSX/src/libpng-1.2.22/install-sh'
libdir='${exec_prefix}/lib'
libexecdir='${exec_prefix}/libexec'
localedir='${datarootdir}/locale'
localstatedir='${prefix}/var'
mandir='${datarootdir}/man'
mkdir_p='$(mkinstalldirs)'
oldincludedir='/usr/include'
pdfdir='${docdir}'
pkgconfigdir='${libdir}/pkgconfig'
prefix='/usr/local'
program_transform_name='s,x,x,'
psdir='${docdir}'
sbindir='${exec_prefix}/sbin'
sharedstatedir='${prefix}/com'
sysconfdir='${prefix}/etc'
target_alias=''

## ----------- ##
## confdefs.h. ##
## ----------- ##

#define PACKAGE_NAME "libpng"
#define PACKAGE_TARNAME "libpng"
#define PACKAGE_VERSION "1.2.22"
#define PACKAGE_STRING "libpng 1.2.22"
#define PACKAGE_BUGREPORT "png-mng-implement@lists.sourceforge.net"
#define PACKAGE "libpng"
#define VERSION "1.2.22"
#define STDC_HEADERS 1
#define HAVE_SYS_TYPES_H 1
#define HAVE_SYS_STAT_H 1
#define HAVE_STDLIB_H 1
#define HAVE_STRING_H 1
#define HAVE_MEMORY_H 1
#define HAVE_STRINGS_H 1
#define HAVE_INTTYPES_H 1
#define HAVE_STDINT_H 1
#define HAVE_UNISTD_H 1
#define HAVE_DLFCN_H 1
#define STDC_HEADERS 1
#define HAVE_STDLIB_H 1
#define HAVE_STRING_H 1
#define HAVE_STRINGS_H 1
#define HAVE_MEMSET 1
#define HAVE_POW 1
#define HAVE_LIBZ 1

configure: exit 0
